INFO: [VRFC 10-2263] Analyzing Verilog file "C:/Users/Sabouzeid0/Desktop/MS2/MS2_Final/MS2_Final.srcs/sources_1/imports/sources_1/new/DFlipFlop.v" into library xil_defaultlib
INFO: [VRFC 10-311] analyzing module DFlipFlop
INFO: [VRFC 10-2263] Analyzing Verilog file "C:/Users/Sabouzeid0/Desktop/MS2/MS2_Final/MS2_Final.srcs/sources_1/imports/sources_1/new/FullAdder.v" into library xil_defaultlib
INFO: [VRFC 10-311] analyzing module FullAdder
INFO: [VRFC 10-2263] Analyzing Verilog file "C:/Users/Sabouzeid0/Desktop/MS2/MS2_Final/MS2_Final.srcs/sources_1/imports/sources_1/new/Adder.v" into library xil_defaultlib
INFO: [VRFC 10-311] analyzing module Adder
INFO: [VRFC 10-2263] Analyzing Verilog file "C:/Users/Sabouzeid0/Desktop/MS2/MS2_Final/MS2_Final.srcs/sources_1/imports/sources_1/new/DFlipFlop_NEW.v" into library xil_defaultlib
INFO: [VRFC 10-311] analyzing module DFlipFlop_NEW
INFO: [VRFC 10-2263] Analyzing Verilog file "C:/Users/Sabouzeid0/Desktop/MS2/MS2_Final/MS2_Final.srcs/sources_1/imports/sources_1/new/decode.v" into library xil_defaultlib
INFO: [VRFC 10-311] analyzing module decode
INFO: [VRFC 10-2263] Analyzing Verilog file "C:/Users/Sabouzeid0/Desktop/MS2/MS2_Final/MS2_Final.srcs/sources_1/imports/sources_1/new/comp.v" into library xil_defaultlib
INFO: [VRFC 10-311] analyzing module comp
INFO: [VRFC 10-2263] Analyzing Verilog file "C:/Users/Sabouzeid0/Desktop/MS2/MS2_Final/MS2_Final.srcs/sources_1/imports/sources_1/new/MUX_NEW1.v" into library xil_defaultlib
INFO: [VRFC 10-311] analyzing module MUX_NEW1
INFO: [VRFC 10-2263] Analyzing Verilog file "C:/Users/Sabouzeid0/Desktop/MS2/MS2_Final/MS2_Final.srcs/sources_1/imports/sources_1/new/Register.v" into library xil_defaultlib
INFO: [VRFC 10-311] analyzing module Register
INFO: [VRFC 10-2263] Analyzing Verilog file "C:/Users/Sabouzeid0/Desktop/MS2/MS2_Final/MS2_Final.srcs/sources_1/imports/sources_1/new/MUX.v" into library xil_defaultlib
INFO: [VRFC 10-311] analyzing module MUX
INFO: [VRFC 10-2263] Analyzing Verilog file "C:/Users/Sabouzeid0/Desktop/MS2/MS2_Final/MS2_Final.srcs/sources_1/imports/sources_1/new/ALU.v" into library xil_defaultlib
INFO: [VRFC 10-311] analyzing module ALU
INFO: [VRFC 10-2263] Analyzing Verilog file "C:/Users/Sabouzeid0/Desktop/MS2/MS2_Final/MS2_Final.srcs/sources_1/imports/sources_1/new/CU.v" into library xil_defaultlib
INFO: [VRFC 10-311] analyzing module CU
INFO: [VRFC 10-2263] Analyzing Verilog file "C:/Users/Sabouzeid0/Desktop/MS2/MS2_Final/MS2_Final.srcs/sources_1/imports/sources_1/imports/new/MUX4to1.v" into library xil_defaultlib
INFO: [VRFC 10-311] analyzing module MUX_4to1
INFO: [VRFC 10-2263] Analyzing Verilog file "C:/Users/Sabouzeid0/Desktop/MS2/MS2_Final/MS2_Final.srcs/sources_1/imports/sources_1/new/immediate_generator.v" into library xil_defaultlib
INFO: [VRFC 10-311] analyzing module immediate_generator
INFO: [VRFC 10-2263] Analyzing Verilog file "C:/Users/Sabouzeid0/Desktop/MS2/MS2_Final/MS2_Final.srcs/sources_1/imports/sources_1/new/Instmem.v" into library xil_defaultlib
INFO: [VRFC 10-311] analyzing module Instmem
INFO: [VRFC 10-2263] Analyzing Verilog file "C:/Users/Sabouzeid0/Desktop/MS2/MS2_Final/MS2_Final.srcs/sources_1/imports/sources_1/new/ALUContol.v" into library xil_defaultlib
INFO: [VRFC 10-311] analyzing module ALUControl
INFO: [VRFC 10-2263] Analyzing Verilog file "C:/Users/Sabouzeid0/Desktop/MS2/MS2_Final/MS2_Final.srcs/sources_1/imports/sources_1/new/MUXarr.v" into library xil_defaultlib
INFO: [VRFC 10-311] analyzing module MUXarr
INFO: [VRFC 10-2263] Analyzing Verilog file "C:/Users/Sabouzeid0/Desktop/MS2/MS2_Final/MS2_Final.srcs/sources_1/imports/sources_1/new/DataMem.v" into library xil_defaultlib
INFO: [VRFC 10-311] analyzing module DataMem
INFO: [VRFC 10-2263] Analyzing Verilog file "C:/Users/Sabouzeid0/Desktop/MS2/MS2_Final/MS2_Final.srcs/sources_1/imports/sources_1/new/RegisterFile.v" into library xil_defaultlib
INFO: [VRFC 10-311] analyzing module RegisterFile
WARNING: [VRFC 10-2292] extra semicolon is not allowed here in this dialect. Use SystemVerilog mode [C:/Users/Sabouzeid0/Desktop/MS2/MS2_Final/MS2_Final.srcs/sources_1/imports/sources_1/new/RegisterFile.v:27]
INFO: [VRFC 10-2263] Analyzing Verilog file "C:/Users/Sabouzeid0/Desktop/MS2/MS2_Final/MS2_Final.srcs/sources_1/imports/sources_1/new/thirtytwoshiftleft.v" into library xil_defaultlib
INFO: [VRFC 10-311] analyzing module thirtytwoshiftleft
INFO: [VRFC 10-2263] Analyzing Verilog file "C:/Users/Sabouzeid0/Desktop/MS2/MS2_Final/MS2_Final.srcs/sources_1/imports/sources_1/new/Registernew.v" into library xil_defaultlib
INFO: [VRFC 10-311] analyzing module Registernew
INFO: [VRFC 10-2263] Analyzing Verilog file "C:/Users/Sabouzeid0/Desktop/MS2/MS2_Final/MS2_Final.srcs/sources_1/imports/sources_1/new/Addernew.v" into library xil_defaultlib
INFO: [VRFC 10-311] analyzing module Addernew
INFO: [VRFC 10-2263] Analyzing Verilog file "C:/Users/Sabouzeid0/Desktop/MS2/MS2_Final/MS2_Final.srcs/sources_1/imports/sources_1/new/RISC-V.v" into library xil_defaultlib
INFO: [VRFC 10-311] analyzing module RISCV
INFO: [VRFC 10-2263] Analyzing Verilog file "C:/Users/Sabouzeid0/Desktop/MS2/MS2_Final/MS2_Final.srcs/sim_1/imports/new/test.v" into library xil_defaultlib
INFO: [VRFC 10-311] analyzing module test
INFO: [VRFC 10-2263] Analyzing Verilog file "C:/Users/Sabouzeid0/Desktop/MS2/MS2_Final/MS2_Final.sim/sim_1/behav/glbl.v" into library xil_defaultlib
INFO: [VRFC 10-311] analyzing module glbl
